Removed Pin From Net: NetName=GND Pin=C1-1
Removed Pin From Net: NetName=3.3V Pin=C1-2
Removed Pin From Net: NetName=GND Pin=C2-1
Removed Pin From Net: NetName=3.3V Pin=C2-2
Removed Pin From Net: NetName=GND Pin=C3-1
Removed Pin From Net: NetName=NetC3_2 Pin=C3-2
Removed Pin From Net: NetName=GND Pin=C4-1
Removed Pin From Net: NetName=3.3V Pin=C4-2
Removed Pin From Net: NetName=GND Pin=C5-1
Removed Pin From Net: NetName=GND Pin=C6-1
Removed Pin From Net: NetName=GND Pin=C7-1
Removed Pin From Net: NetName=3.3V Pin=C7-2
Removed Pin From Net: NetName=GND Pin=C8-1
Removed Pin From Net: NetName=NetC3_2 Pin=C8-2
Change Component Footprint: Designator=C1 Old Footprint=RAD-0.3 New Footprint=CAPR5-4X5
Change Component Footprint: Designator=C2 Old Footprint=RAD-0.3 New Footprint=CAPR5-4X5
Change Component Footprint: Designator=C3 Old Footprint=RAD-0.3 New Footprint=CAPR5-4X5
Change Component Footprint: Designator=C4 Old Footprint=RAD-0.3 New Footprint=CAPR5-4X5
Change Component Footprint: Designator=C5 Old Footprint=RAD-0.3 New Footprint=CAPR5-4X5
Change Component Footprint: Designator=C6 Old Footprint=RAD-0.3 New Footprint=CAPR5-4X5
Change Component Footprint: Designator=C7 Old Footprint=RAD-0.3 New Footprint=CAPR5-4X5
Change Component Footprint: Designator=C8 Old Footprint=RAD-0.3 New Footprint=CAPR5-4X5
Change Component Comment : Designator=C1 Old Comment=Cap New Comment=Cap2
Change Component Comment : Designator=C2 Old Comment=Cap New Comment=Cap2
Change Component Comment : Designator=C3 Old Comment=Cap New Comment=Cap2
Change Component Comment : Designator=C4 Old Comment=Cap New Comment=Cap2
Change Component Comment : Designator=C5 Old Comment=Cap New Comment=Cap2
Change Component Comment : Designator=C6 Old Comment=Cap New Comment=Cap2
Change Component Comment : Designator=C7 Old Comment=Cap New Comment=Cap2
Change Component Comment : Designator=C8 Old Comment=Cap New Comment=Cap2
Change component parameters: Designator = "C1" ("C1"); Footprint = "RAD-0.3"; UniqueID = "\PKPAHRKA" ("\PKPAHRKA")
Change component parameters (AddParameter): Name = "PackageDescription"; Value = "Capacitor; 2 Leads"; VariantName = "[No Variations]"
Change component parameters (AddParameter): Name = "PackageReference"; Value = "CAPR5-4X5"; VariantName = "[No Variations]"
Change component parameters (AddParameter): Name = "Published"; Value = "23-Sep-2002"; VariantName = "[No Variations]"
Change component parameters (AddParameter): Name = "Publisher"; Value = "Altium Limited"; VariantName = "[No Variations]"
Change component parameters (AddParameter): Name = "Value"; Value = "100uF"; VariantName = "[No Variations]"
Change component parameters: Designator = "C2" ("C2"); Footprint = "RAD-0.3"; UniqueID = "\HTLVQSIG" ("\HTLVQSIG")
Change component parameters (AddParameter): Name = "PackageDescription"; Value = "Capacitor; 2 Leads"; VariantName = "[No Variations]"
Change component parameters (AddParameter): Name = "PackageReference"; Value = "CAPR5-4X5"; VariantName = "[No Variations]"
Change component parameters (AddParameter): Name = "Published"; Value = "23-Sep-2002"; VariantName = "[No Variations]"
Change component parameters (AddParameter): Name = "Publisher"; Value = "Altium Limited"; VariantName = "[No Variations]"
Change component parameters (AddParameter): Name = "Value"; Value = "100uF"; VariantName = "[No Variations]"
Change component parameters: Designator = "C3" ("C3"); Footprint = "RAD-0.3"; UniqueID = "\LPVGXXHG" ("\LPVGXXHG")
Change component parameters (AddParameter): Name = "PackageDescription"; Value = "Capacitor; 2 Leads"; VariantName = "[No Variations]"
Change component parameters (AddParameter): Name = "PackageReference"; Value = "CAPR5-4X5"; VariantName = "[No Variations]"
Change component parameters (AddParameter): Name = "Published"; Value = "23-Sep-2002"; VariantName = "[No Variations]"
Change component parameters (AddParameter): Name = "Publisher"; Value = "Altium Limited"; VariantName = "[No Variations]"
Change component parameters (AddParameter): Name = "Value"; Value = "100uF"; VariantName = "[No Variations]"
Change component parameters: Designator = "C4" ("C4"); Footprint = "RAD-0.3"; UniqueID = "\YNNETKKF" ("\YNNETKKF")
Change component parameters (AddParameter): Name = "PackageDescription"; Value = "Capacitor; 2 Leads"; VariantName = "[No Variations]"
Change component parameters (AddParameter): Name = "PackageReference"; Value = "CAPR5-4X5"; VariantName = "[No Variations]"
Change component parameters (AddParameter): Name = "Published"; Value = "23-Sep-2002"; VariantName = "[No Variations]"
Change component parameters (AddParameter): Name = "Publisher"; Value = "Altium Limited"; VariantName = "[No Variations]"
Change component parameters (AddParameter): Name = "Value"; Value = "100uF"; VariantName = "[No Variations]"
Change component parameters: Designator = "C5" ("C5"); Footprint = "RAD-0.3"; UniqueID = "\SHYKWKXF" ("\SHYKWKXF")
Change component parameters (AddParameter): Name = "PackageDescription"; Value = "Capacitor; 2 Leads"; VariantName = "[No Variations]"
Change component parameters (AddParameter): Name = "PackageReference"; Value = "CAPR5-4X5"; VariantName = "[No Variations]"
Change component parameters (AddParameter): Name = "Published"; Value = "23-Sep-2002"; VariantName = "[No Variations]"
Change component parameters (AddParameter): Name = "Publisher"; Value = "Altium Limited"; VariantName = "[No Variations]"
Change component parameters (AddParameter): Name = "Value"; Value = "100uF"; VariantName = "[No Variations]"
Change component parameters: Designator = "C6" ("C6"); Footprint = "RAD-0.3"; UniqueID = "\URTGOJWA" ("\URTGOJWA")
Change component parameters (AddParameter): Name = "PackageDescription"; Value = "Capacitor; 2 Leads"; VariantName = "[No Variations]"
Change component parameters (AddParameter): Name = "PackageReference"; Value = "CAPR5-4X5"; VariantName = "[No Variations]"
Change component parameters (AddParameter): Name = "Published"; Value = "23-Sep-2002"; VariantName = "[No Variations]"
Change component parameters (AddParameter): Name = "Publisher"; Value = "Altium Limited"; VariantName = "[No Variations]"
Change component parameters (AddParameter): Name = "Value"; Value = "100uF"; VariantName = "[No Variations]"
Change component parameters: Designator = "C7" ("C7"); Footprint = "RAD-0.3"; UniqueID = "\AVRUUKGD" ("\AVRUUKGD")
Change component parameters (AddParameter): Name = "PackageDescription"; Value = "Capacitor; 2 Leads"; VariantName = "[No Variations]"
Change component parameters (AddParameter): Name = "PackageReference"; Value = "CAPR5-4X5"; VariantName = "[No Variations]"
Change component parameters (AddParameter): Name = "Published"; Value = "23-Sep-2002"; VariantName = "[No Variations]"
Change component parameters (AddParameter): Name = "Publisher"; Value = "Altium Limited"; VariantName = "[No Variations]"
Change component parameters (AddParameter): Name = "Value"; Value = "100uF"; VariantName = "[No Variations]"
Change component parameters: Designator = "C8" ("C8"); Footprint = "RAD-0.3"; UniqueID = "\VAIHXXQW" ("\VAIHXXQW")
Change component parameters (AddParameter): Name = "PackageDescription"; Value = "Capacitor; 2 Leads"; VariantName = "[No Variations]"
Change component parameters (AddParameter): Name = "PackageReference"; Value = "CAPR5-4X5"; VariantName = "[No Variations]"
Change component parameters (AddParameter): Name = "Published"; Value = "23-Sep-2002"; VariantName = "[No Variations]"
Change component parameters (AddParameter): Name = "Publisher"; Value = "Altium Limited"; VariantName = "[No Variations]"
Change component parameters (AddParameter): Name = "Value"; Value = "100uF"; VariantName = "[No Variations]"
Added Component: Designator=V2(LM7805 Voltage Regulator)
Added Pin To Net: NetName=3.3V Pin=C1-1
Added Pin To Net: NetName=GND Pin=C1-2
Added Pin To Net: NetName=3.3V Pin=C2-1
Added Pin To Net: NetName=GND Pin=C2-2
Added Pin To Net: NetName=NetC3_2 Pin=C3-1
Added Pin To Net: NetName=GND Pin=C3-2
Added Pin To Net: NetName=3.3V Pin=C4-1
Added Pin To Net: NetName=GND Pin=C4-2
Added Pin To Net: NetName=GND Pin=C5-2
Added Pin To Net: NetName=NetC3_2 Pin=C6-1
Added Pin To Net: NetName=GND Pin=C6-2
Added Pin To Net: NetName=3.3V Pin=C7-1
Added Pin To Net: NetName=GND Pin=C7-2
Added Pin To Net: NetName=NetC3_2 Pin=C8-1
Added Pin To Net: NetName=GND Pin=C8-2
Added Pin To Net: NetName=GND Pin=V2-2
Added Pin To Net: NetName=3.3V Pin=V2-3
Change Net Name : Old Net Name=NetC3_2 New Net Name=NetC3_1
Added Pin To Net: NetName=NetC5_1 Pin=C5-1
Added Pin To Net: NetName=NetC5_1 Pin=S6-2
Added Pin To Net: NetName=NetC5_1 Pin=V1-1
Added Pin To Net: NetName=NetC5_1 Pin=V2-1
Added Net: Name=NetC5_1
Added Pin To Net: NetName=NetU1_2 Pin=U1-2
Added Pin To Net: NetName=NetU1_2 Pin=U2-27
Added Net: Name=NetU1_2
Added Pin To Net: NetName=NetU1_3 Pin=U1-3
Added Pin To Net: NetName=NetU1_3 Pin=U2-26
Added Net: Name=NetU1_3
Added Member To Class: ClassName=full_as Member=Component V2 3.3 reg
Added Room: Name=full_as
